waiting to take filesystem lock on C:\dev\vcpkg\.vcpkg-root...
Detecting compiler hash for triplet x64-windows...
Compiler found: C:/Program Files/Microsoft Visual Studio/2022/Community/VC/Tools/MSVC/14.38.33130/bin/Hostx64/x64/cl.exe
The following packages will be built and installed:
    gtest:x64-windows@1.14.0#1 -- C:\dev\vcpkg\buildtrees\versioning_\versions\gtest\75ebdb53e37267a1d5f6283223367cd0aa1104ef
    sdl2:x64-windows@2.30.1 -- C:\dev\vcpkg\buildtrees\versioning_\versions\sdl2\71b609d356d21c9479ddeb27f4737ab70982f4a5
    tracy[core,crash-handler]:x64-windows@0.10.0#2 -- C:\dev\vcpkg\buildtrees\versioning_\versions\tracy\6be8e3b56374cde0053ca09807520831c97f4441
  * vcpkg-cmake:x64-windows@2024-04-18 -- C:\dev\vcpkg\buildtrees\versioning_\versions\vcpkg-cmake\a10a94e8d0071ed4804d40d0f0f0c5e4e7180afd
  * vcpkg-cmake-config:x64-windows@2022-02-06#1 -- C:\dev\vcpkg\buildtrees\versioning_\versions\vcpkg-cmake-config\8d54cc4f487d51b655abec5f9c9c3f86ca83311f
Additional packages (*) will be modified to complete this operation.
Restored 5 package(s) from C:\Users\ROG\AppData\Local\vcpkg\archives in 239 ms. Use --debug to see more details.
Installing 1/5 vcpkg-cmake-config:x64-windows@2022-02-06#1...
Elapsed time to handle vcpkg-cmake-config:x64-windows: 4.92 ms
vcpkg-cmake-config:x64-windows package ABI: 0cb0f97bcd3d41e810ceac2292fc29fd4aacff6d7ef8d6206a5cea560349d06a
Installing 2/5 vcpkg-cmake:x64-windows@2024-04-18...
Elapsed time to handle vcpkg-cmake:x64-windows: 4.25 ms
vcpkg-cmake:x64-windows package ABI: 352a1ce21e6a864b2de0007001b959b3b10ebaf354b623434f44ea41283641b1
Installing 3/5 gtest:x64-windows@1.14.0#1...
Elapsed time to handle gtest:x64-windows: 23 ms
gtest:x64-windows package ABI: e83a39895b3f8f98430dbea3d7a1fc9410bdc9c529b108db31ac8a0d730c1bbe
Installing 4/5 sdl2:x64-windows@2.30.1...
Elapsed time to handle sdl2:x64-windows: 26.7 ms
sdl2:x64-windows package ABI: cd4ea114fc50acf55e479293050dfe496e1d0c0c24ed7ca4dc6c26b29f88b442
Installing 5/5 tracy[core,crash-handler]:x64-windows@0.10.0#2...
Elapsed time to handle tracy:x64-windows: 16.5 ms
tracy:x64-windows package ABI: ddefa74cd82b19bc13ce89597013a66a6bf7906dc9cf2ef0da7143f42a61547b
Total install time: 75.6 ms
The package gtest is compatible with built-in CMake targets:

    enable_testing()
    
    find_package(GTest CONFIG REQUIRED)
    target_link_libraries(main PRIVATE GTest::gtest GTest::gtest_main GTest::gmock GTest::gmock_main)
    
    add_test(AllTestsInMain main)

sdl2 provides CMake targets:

    find_package(SDL2 CONFIG REQUIRED)
    target_link_libraries(main
        PRIVATE
        $<TARGET_NAME_IF_EXISTS:SDL2::SDL2main>
        $<IF:$<TARGET_EXISTS:SDL2::SDL2>,SDL2::SDL2,SDL2::SDL2-static>
    )

tracy provides CMake targets:

  # this is heuristically generated, and may not be correct
  find_package(Tracy CONFIG REQUIRED)
  target_link_libraries(main PRIVATE Tracy::TracyClient)

